2018-06-16 20:31:20,373 [Worker-2] INFO  c.g.t.t.d.PublishedGradleVersions - Gradle version information cache is up-to-date. Trying to read.
2018-06-16 20:31:43,087 [Worker-1] INFO  o.e.m.c.i.l.LifecycleMappingFactory - Using org.eclipse.m2e.jdt.JarLifecycleMapping lifecycle mapping for MavenProject: com.navaneeth:BubbleSort:1.0-SNAPSHOT @ F:\Work\EPAM\EPAM tasks\Maven Sorting\BubbleSort\pom.xml.
2018-06-16 20:31:43,163 [Worker-1] INFO  o.e.m.c.i.l.LifecycleMappingFactory - Using org.eclipse.m2e.jdt.JarLifecycleMapping lifecycle mapping for MavenProject: com.navaneeth:MergeSort:1.0-SNAPSHOT @ F:\Work\EPAM\EPAM tasks\Maven Sorting\MergeSort\pom.xml.
2018-06-16 20:31:43,211 [Worker-1] INFO  o.e.m.c.i.l.LifecycleMappingFactory - Using org.eclipse.m2e.jdt.JarLifecycleMapping lifecycle mapping for MavenProject: com.navaneeth:QuickSort:1.0-SNAPSHOT @ F:\Work\EPAM\EPAM tasks\Maven Sorting\QuickSort\pom.xml.
2018-06-16 20:31:43,853 [Worker-1] INFO  o.e.m.j.i.AbstractJavaProjectConfigurator - Adding source folder /BubbleSort/src/main/java
2018-06-16 20:31:43,859 [Worker-1] INFO  o.e.m.j.i.AbstractJavaProjectConfigurator - Adding source folder /BubbleSort/src/test/java
2018-06-16 20:31:43,951 [Worker-1] INFO  o.e.m.j.i.AbstractJavaProjectConfigurator - Adding source folder /MergeSort/src/main/java
2018-06-16 20:31:43,952 [Worker-1] INFO  o.e.m.j.i.AbstractJavaProjectConfigurator - Adding source folder /MergeSort/src/test/java
2018-06-16 20:31:44,020 [Worker-1] INFO  o.e.m.j.i.AbstractJavaProjectConfigurator - Adding source folder /QuickSort/src/main/java
2018-06-16 20:31:44,021 [Worker-1] INFO  o.e.m.j.i.AbstractJavaProjectConfigurator - Adding source folder /QuickSort/src/test/java
2018-06-16 20:31:44,060 [Worker-1] INFO  o.e.m.c.i.p.ProjectConfigurationManager - Imported and configured 3 project(s) in 2 sec
2018-06-16 20:31:45,182 [Worker-13] INFO  o.e.m.c.i.embedder.EclipseLogger - Using 'UTF-8' encoding to copy filtered resources.
2018-06-16 20:31:45,182 [Worker-13] INFO  o.e.m.c.i.embedder.EclipseLogger - skip non existing resourceDirectory F:\Work\EPAM\EPAM tasks\Maven Sorting\BubbleSort\src\main\resources
2018-06-16 20:31:45,186 [Worker-13] INFO  o.e.m.c.i.embedder.EclipseLogger - Using 'UTF-8' encoding to copy filtered resources.
2018-06-16 20:31:45,186 [Worker-13] INFO  o.e.m.c.i.embedder.EclipseLogger - skip non existing resourceDirectory F:\Work\EPAM\EPAM tasks\Maven Sorting\BubbleSort\src\test\resources
2018-06-16 20:31:45,277 [Worker-13] INFO  o.e.m.c.i.embedder.EclipseLogger - Using 'UTF-8' encoding to copy filtered resources.
2018-06-16 20:31:45,277 [Worker-13] INFO  o.e.m.c.i.embedder.EclipseLogger - skip non existing resourceDirectory F:\Work\EPAM\EPAM tasks\Maven Sorting\MergeSort\src\main\resources
2018-06-16 20:31:45,279 [Worker-13] INFO  o.e.m.c.i.embedder.EclipseLogger - Using 'UTF-8' encoding to copy filtered resources.
2018-06-16 20:31:45,279 [Worker-13] INFO  o.e.m.c.i.embedder.EclipseLogger - skip non existing resourceDirectory F:\Work\EPAM\EPAM tasks\Maven Sorting\MergeSort\src\test\resources
2018-06-16 20:31:45,320 [Worker-13] INFO  o.e.m.c.i.embedder.EclipseLogger - Using 'UTF-8' encoding to copy filtered resources.
2018-06-16 20:31:45,321 [Worker-13] INFO  o.e.m.c.i.embedder.EclipseLogger - skip non existing resourceDirectory F:\Work\EPAM\EPAM tasks\Maven Sorting\QuickSort\src\main\resources
2018-06-16 20:31:45,322 [Worker-13] INFO  o.e.m.c.i.embedder.EclipseLogger - Using 'UTF-8' encoding to copy filtered resources.
2018-06-16 20:31:45,322 [Worker-13] INFO  o.e.m.c.i.embedder.EclipseLogger - skip non existing resourceDirectory F:\Work\EPAM\EPAM tasks\Maven Sorting\QuickSort\src\test\resources
2018-06-16 20:31:50,157 [Worker-2] INFO  o.e.m.c.i.embedder.EclipseLogger - Using 'UTF-8' encoding to copy filtered resources.
2018-06-16 20:31:50,157 [Worker-2] INFO  o.e.m.c.i.embedder.EclipseLogger - skip non existing resourceDirectory F:\Work\EPAM\EPAM tasks\Maven Sorting\BubbleSort\src\main\resources
2018-06-16 20:31:50,158 [Worker-2] INFO  o.e.m.c.i.embedder.EclipseLogger - Using 'UTF-8' encoding to copy filtered resources.
2018-06-16 20:31:50,158 [Worker-2] INFO  o.e.m.c.i.embedder.EclipseLogger - skip non existing resourceDirectory F:\Work\EPAM\EPAM tasks\Maven Sorting\BubbleSort\src\test\resources
2018-06-16 20:31:50,164 [Worker-2] INFO  o.e.m.c.i.embedder.EclipseLogger - Using 'UTF-8' encoding to copy filtered resources.
2018-06-16 20:31:50,164 [Worker-2] INFO  o.e.m.c.i.embedder.EclipseLogger - skip non existing resourceDirectory F:\Work\EPAM\EPAM tasks\Maven Sorting\MergeSort\src\main\resources
2018-06-16 20:31:50,166 [Worker-2] INFO  o.e.m.c.i.embedder.EclipseLogger - Using 'UTF-8' encoding to copy filtered resources.
2018-06-16 20:31:50,166 [Worker-2] INFO  o.e.m.c.i.embedder.EclipseLogger - skip non existing resourceDirectory F:\Work\EPAM\EPAM tasks\Maven Sorting\MergeSort\src\test\resources
2018-06-16 20:31:50,173 [Worker-2] INFO  o.e.m.c.i.embedder.EclipseLogger - Using 'UTF-8' encoding to copy filtered resources.
2018-06-16 20:31:50,173 [Worker-2] INFO  o.e.m.c.i.embedder.EclipseLogger - skip non existing resourceDirectory F:\Work\EPAM\EPAM tasks\Maven Sorting\QuickSort\src\main\resources
2018-06-16 20:31:50,174 [Worker-2] INFO  o.e.m.c.i.embedder.EclipseLogger - Using 'UTF-8' encoding to copy filtered resources.
2018-06-16 20:31:50,174 [Worker-2] INFO  o.e.m.c.i.embedder.EclipseLogger - skip non existing resourceDirectory F:\Work\EPAM\EPAM tasks\Maven Sorting\QuickSort\src\test\resources
2018-06-16 20:32:04,959 [Worker-12] INFO  o.e.m.c.i.embedder.EclipseLogger - Using 'UTF-8' encoding to copy filtered resources.
2018-06-16 20:32:04,960 [Worker-12] INFO  o.e.m.c.i.embedder.EclipseLogger - skip non existing resourceDirectory F:\Work\EPAM\EPAM tasks\Maven Sorting\BubbleSort\src\main\resources
2018-06-16 20:32:04,961 [Worker-12] INFO  o.e.m.c.i.embedder.EclipseLogger - Using 'UTF-8' encoding to copy filtered resources.
2018-06-16 20:32:04,961 [Worker-12] INFO  o.e.m.c.i.embedder.EclipseLogger - skip non existing resourceDirectory F:\Work\EPAM\EPAM tasks\Maven Sorting\BubbleSort\src\test\resources
2018-06-16 20:32:04,992 [Worker-12] INFO  o.e.m.c.i.embedder.EclipseLogger - Using 'UTF-8' encoding to copy filtered resources.
2018-06-16 20:32:04,992 [Worker-12] INFO  o.e.m.c.i.embedder.EclipseLogger - skip non existing resourceDirectory F:\Work\EPAM\EPAM tasks\Maven Sorting\MergeSort\src\main\resources
2018-06-16 20:32:04,995 [Worker-12] INFO  o.e.m.c.i.embedder.EclipseLogger - Using 'UTF-8' encoding to copy filtered resources.
2018-06-16 20:32:04,995 [Worker-12] INFO  o.e.m.c.i.embedder.EclipseLogger - skip non existing resourceDirectory F:\Work\EPAM\EPAM tasks\Maven Sorting\MergeSort\src\test\resources
2018-06-16 20:32:05,024 [Worker-12] INFO  o.e.m.c.i.embedder.EclipseLogger - Using 'UTF-8' encoding to copy filtered resources.
2018-06-16 20:32:05,024 [Worker-12] INFO  o.e.m.c.i.embedder.EclipseLogger - skip non existing resourceDirectory F:\Work\EPAM\EPAM tasks\Maven Sorting\QuickSort\src\main\resources
2018-06-16 20:32:05,026 [Worker-12] INFO  o.e.m.c.i.embedder.EclipseLogger - Using 'UTF-8' encoding to copy filtered resources.
2018-06-16 20:32:05,026 [Worker-12] INFO  o.e.m.c.i.embedder.EclipseLogger - skip non existing resourceDirectory F:\Work\EPAM\EPAM tasks\Maven Sorting\QuickSort\src\test\resources
2018-06-16 20:32:09,984 [Worker-5] INFO  o.e.m.i.launch.MavenLaunchDelegate - F:\Work\EPAM\EPAM tasks\Maven Sorting\BubbleSort
2018-06-16 20:32:09,985 [Worker-5] INFO  o.e.m.i.launch.MavenLaunchDelegate -  mvn -B test
2018-06-16 20:32:12,214 [Worker-6] INFO  o.e.m.c.i.embedder.EclipseLogger - Using 'UTF-8' encoding to copy filtered resources.
2018-06-16 20:32:12,214 [Worker-6] INFO  o.e.m.c.i.embedder.EclipseLogger - skip non existing resourceDirectory F:\Work\EPAM\EPAM tasks\Maven Sorting\BubbleSort\src\main\resources
2018-06-16 20:32:12,216 [Worker-6] INFO  o.e.m.c.i.embedder.EclipseLogger - Using 'UTF-8' encoding to copy filtered resources.
2018-06-16 20:32:12,217 [Worker-6] INFO  o.e.m.c.i.embedder.EclipseLogger - skip non existing resourceDirectory F:\Work\EPAM\EPAM tasks\Maven Sorting\BubbleSort\src\test\resources
2018-06-16 20:32:17,815 [Worker-8] INFO  o.e.m.i.launch.MavenLaunchDelegate - F:\Work\EPAM\EPAM tasks\Maven Sorting\MergeSort
2018-06-16 20:32:17,816 [Worker-8] INFO  o.e.m.i.launch.MavenLaunchDelegate -  mvn -B test
2018-06-16 20:32:19,992 [Worker-10] INFO  o.e.m.c.i.embedder.EclipseLogger - Using 'UTF-8' encoding to copy filtered resources.
2018-06-16 20:32:19,992 [Worker-10] INFO  o.e.m.c.i.embedder.EclipseLogger - skip non existing resourceDirectory F:\Work\EPAM\EPAM tasks\Maven Sorting\MergeSort\src\main\resources
2018-06-16 20:32:19,993 [Worker-10] INFO  o.e.m.c.i.embedder.EclipseLogger - Using 'UTF-8' encoding to copy filtered resources.
2018-06-16 20:32:19,994 [Worker-10] INFO  o.e.m.c.i.embedder.EclipseLogger - skip non existing resourceDirectory F:\Work\EPAM\EPAM tasks\Maven Sorting\MergeSort\src\test\resources
2018-06-16 20:32:24,016 [Worker-13] INFO  o.e.m.i.launch.MavenLaunchDelegate - F:\Work\EPAM\EPAM tasks\Maven Sorting\QuickSort
2018-06-16 20:32:24,017 [Worker-13] INFO  o.e.m.i.launch.MavenLaunchDelegate -  mvn -B test
2018-06-16 20:32:26,148 [Worker-12] INFO  o.e.m.c.i.embedder.EclipseLogger - Using 'UTF-8' encoding to copy filtered resources.
2018-06-16 20:32:26,148 [Worker-12] INFO  o.e.m.c.i.embedder.EclipseLogger - skip non existing resourceDirectory F:\Work\EPAM\EPAM tasks\Maven Sorting\QuickSort\src\main\resources
2018-06-16 20:32:26,150 [Worker-12] INFO  o.e.m.c.i.embedder.EclipseLogger - Using 'UTF-8' encoding to copy filtered resources.
2018-06-16 20:32:26,150 [Worker-12] INFO  o.e.m.c.i.embedder.EclipseLogger - skip non existing resourceDirectory F:\Work\EPAM\EPAM tasks\Maven Sorting\QuickSort\src\test\resources
